<?xml version="1.0" encoding="UTF-8"?>
<!-- Generated by org.testng.reporters.JUnitXMLReporter -->
<testsuite hostname="Temp08" ignored="0" name="demo_automation_test" tests="2" failures="1" timestamp="2020-05-11T18:13:07 IST" time="59.181" errors="0">
  <testcase name="launchBrowser" time="22.586" classname="com.agilysys.Tests.SampleTest"/>
  <testcase name="next" time="35.884" classname="com.agilysys.Tests.SampleTest">
    <failure type="java.lang.AssertionError" message="expected [true] but found [false]">
      <![CDATA[java.lang.AssertionError: expected [true] but found [false]
at com.agilysys.Tests.SampleTest.next(SampleTest.java:49)
at java.util.ArrayList.forEach(Unknown Source)
... Removed 31 stack frames]]>
    </failure>
  </testcase> <!-- next -->
</testsuite> <!-- demo_automation_test -->
